Test Eyetracking/My project/Library/Bee/Android/Prj/Mono2x/Gradle/launcher/build/intermediates/manifest_merge_blame_file/release/manifest-merger-blame-release-report.txt
1<?xml version="1.0" encoding="utf-8"?>
2<manifest xmlns:android="http://schemas.android.com/apk/res/android"
3    package="com.DefaultCompany.Myproject"
4    android:installLocation="preferExternal"
5    android:versionCode="1"
6    android:versionName="0.1" >
7
8    <uses-sdk
9        android:minSdkVersion="27"
9-->src\main\AndroidManifest.xml
10        android:targetSdkVersion="30" />
10-->src\main\AndroidManifest.xml
11
12    <supports-screens
12-->src\main\AndroidManifest.xml:3:3-163
13        android:anyDensity="true"
13-->src\main\AndroidManifest.xml:3:135-160
14        android:largeScreens="true"
14-->src\main\AndroidManifest.xml:3:78-105
15        android:normalScreens="true"
15-->src\main\AndroidManifest.xml:3:49-77
16        android:smallScreens="true"
16-->src\main\AndroidManifest.xml:3:21-48
17        android:xlargeScreens="true" />
17-->src\main\AndroidManifest.xml:3:106-134
18
19    <uses-feature android:glEsVersion="0x00030000" />
19-->[:unityLibrary] AndroidManifest.xml:12:5-54
19-->[:unityLibrary] AndroidManifest.xml:12:19-51
20
21    <uses-permission android:name="android.permission.INTERNET" />
21-->[:unityLibrary] AndroidManifest.xml:14:5-67
21-->[:unityLibrary] AndroidManifest.xml:14:22-64
22    <uses-permission android:name="android.permission.ACCESS_NETWORK_STATE" />
22-->[:unityLibrary] AndroidManifest.xml:15:5-79
22-->[:unityLibrary] AndroidManifest.xml:15:22-76
23    <uses-permission android:name="android.permission.WRITE_EXTERNAL_STORAGE" />
23-->[:unityLibrary] AndroidManifest.xml:16:5-81
23-->[:unityLibrary] AndroidManifest.xml:16:22-78
24
25    <uses-feature
25-->[:unityLibrary] AndroidManifest.xml:18:5-20:36
26        android:name="android.hardware.touchscreen"
26-->[:unityLibrary] AndroidManifest.xml:19:9-52
27        android:required="false" />
27-->[:unityLibrary] AndroidManifest.xml:20:9-33
28    <uses-feature
28-->[:unityLibrary] AndroidManifest.xml:21:5-23:36
29        android:name="android.hardware.touchscreen.multitouch"
29-->[:unityLibrary] AndroidManifest.xml:22:9-63
30        android:required="false" />
30-->[:unityLibrary] AndroidManifest.xml:23:9-33
31    <uses-feature
31-->[:unityLibrary] AndroidManifest.xml:24:5-26:36
32        android:name="android.hardware.touchscreen.multitouch.distinct"
32-->[:unityLibrary] AndroidManifest.xml:25:9-72
33        android:required="false" />
33-->[:unityLibrary] AndroidManifest.xml:26:9-33
34
35    <uses-permission android:name="android.permission.WRITE_SETTINGS" />
35-->[:unityLibrary] AndroidManifest.xml:28:5-73
35-->[:unityLibrary] AndroidManifest.xml:28:22-70
36    <uses-permission android:name="android.permission.READ_EXTERNAL_STORAGE" />
36-->[:unityLibrary] AndroidManifest.xml:29:5-80
36-->[:unityLibrary] AndroidManifest.xml:29:22-77
37
38    <application
38-->src\main\AndroidManifest.xml:4:3-83
39        android:extractNativeLibs="true"
39-->[:unityLibrary] AndroidManifest.xml:32:9-41
40        android:icon="@mipmap/app_icon"
40-->src\main\AndroidManifest.xml:4:49-80
41        android:label="@string/app_name"
41-->src\main\AndroidManifest.xml:4:16-48
42        android:requestLegacyExternalStorage="true" >
42-->[:unityLibrary] AndroidManifest.xml:33:9-52
43        <activity
43-->[:unityLibrary] AndroidManifest.xml:34:9-54:20
44            android:name="com.unity3d.player.UnityPlayerActivity"
44-->[:unityLibrary] AndroidManifest.xml:35:13-66
45            android:configChanges="mcc|mnc|locale|touchscreen|keyboard|keyboardHidden|navigation|orientation|screenLayout|uiMode|screenSize|smallestScreenSize|fontScale|layoutDirection|density"
45-->[:unityLibrary] AndroidManifest.xml:36:13-194
46            android:hardwareAccelerated="false"
46-->[:unityLibrary] AndroidManifest.xml:37:13-48
47            android:launchMode="singleTask"
47-->[:unityLibrary] AndroidManifest.xml:38:13-44
48            android:resizeableActivity="false"
48-->[:unityLibrary] AndroidManifest.xml:39:13-47
49            android:screenOrientation="landscape"
49-->[:unityLibrary] AndroidManifest.xml:40:13-50
50            android:theme="@style/UnityThemeSelector" >
50-->[:unityLibrary] AndroidManifest.xml:41:13-54
51            <intent-filter>
51-->[:unityLibrary] AndroidManifest.xml:42:13-46:29
52                <action android:name="android.intent.action.MAIN" />
52-->[:unityLibrary] AndroidManifest.xml:43:17-69
52-->[:unityLibrary] AndroidManifest.xml:43:25-66
53
54                <category android:name="android.intent.category.LAUNCHER" />
54-->[:unityLibrary] AndroidManifest.xml:45:17-77
54-->[:unityLibrary] AndroidManifest.xml:45:27-74
55            </intent-filter>
56
57            <meta-data
57-->[:unityLibrary] AndroidManifest.xml:48:13-50:40
58                android:name="unityplayer.UnityActivity"
58-->[:unityLibrary] AndroidManifest.xml:49:17-57
59                android:value="true" />
59-->[:unityLibrary] AndroidManifest.xml:50:17-37
60            <meta-data
60-->[:unityLibrary] AndroidManifest.xml:51:13-53:40
61                android:name="android.notch_support"
61-->[:unityLibrary] AndroidManifest.xml:52:17-53
62                android:value="true" />
62-->[:unityLibrary] AndroidManifest.xml:53:17-37
63        </activity>
64
65        <meta-data
65-->[:unityLibrary] AndroidManifest.xml:56:9-58:33
66            android:name="unity.splash-mode"
66-->[:unityLibrary] AndroidManifest.xml:57:13-45
67            android:value="0" />
67-->[:unityLibrary] AndroidManifest.xml:58:13-30
68        <meta-data
68-->[:unityLibrary] AndroidManifest.xml:59:9-61:36
69            android:name="unity.splash-enable"
69-->[:unityLibrary] AndroidManifest.xml:60:13-47
70            android:value="True" />
70-->[:unityLibrary] AndroidManifest.xml:61:13-33
71        <meta-data
71-->[:unityLibrary] AndroidManifest.xml:62:9-64:36
72            android:name="unity.launch-fullscreen"
72-->[:unityLibrary] AndroidManifest.xml:63:13-51
73            android:value="True" />
73-->[:unityLibrary] AndroidManifest.xml:64:13-33
74        <meta-data
74-->[:unityLibrary] AndroidManifest.xml:65:9-67:37
75            android:name="unity.allow-resizable-window"
75-->[:unityLibrary] AndroidManifest.xml:66:13-56
76            android:value="False" />
76-->[:unityLibrary] AndroidManifest.xml:67:13-34
77        <meta-data
77-->[:unityLibrary] AndroidManifest.xml:68:9-70:50
78            android:name="notch.config"
78-->[:unityLibrary] AndroidManifest.xml:69:13-40
79            android:value="portrait|landscape" />
79-->[:unityLibrary] AndroidManifest.xml:70:13-47
80        <meta-data
80-->[:unityLibrary] AndroidManifest.xml:71:9-73:34
81            android:name="pvr.app.type"
81-->[:unityLibrary] AndroidManifest.xml:72:13-40
82            android:value="vr" />
82-->[:unityLibrary] AndroidManifest.xml:73:13-31
83        <meta-data
83-->[:unityLibrary] AndroidManifest.xml:74:9-76:51
84            android:name="pvr.sdk.version"
84-->[:unityLibrary] AndroidManifest.xml:75:13-43
85            android:value="XR Platform_1.2.3.5" />
85-->[:unityLibrary] AndroidManifest.xml:76:13-48
86        <meta-data
86-->[:unityLibrary] AndroidManifest.xml:77:9-79:33
87            android:name="enable_cpt"
87-->[:unityLibrary] AndroidManifest.xml:78:13-38
88            android:value="0" />
88-->[:unityLibrary] AndroidManifest.xml:79:13-30
89        <meta-data
89-->[:unityLibrary] AndroidManifest.xml:80:9-82:33
90            android:name="enable_entitlementcheck"
90-->[:unityLibrary] AndroidManifest.xml:81:13-51
91            android:value="0" />
91-->[:unityLibrary] AndroidManifest.xml:82:13-30
92    </application>
93
94</manifest>